<?xml version="1.0" encoding="UTF-8" ?>
<testsuite tests="26" failures="0" name="TestSuite" time="7.573" errors="0" skipped="0">
  <properties>
    <property name="jansi.mode" value="strip"/>
    <property name="java.runtime.name" value="Java(TM) SE Runtime Environment"/>
    <property name="java.vm.version" value="18.0.2+9-61"/>
    <property name="sun.boot.library.path" value="C:\Program Files\Java\jdk-18.0.2\bin"/>
    <property name="maven.multiModuleProjectDirectory" value="D:\Gayatri\eclipse workspace\GitHubRestAPIUsingRestAssured"/>
    <property name="java.vm.vendor" value="Oracle Corporation"/>
    <property name="java.vendor.url" value="https://java.oracle.com/"/>
    <property name="guice.disable.misplaced.annotation.check" value="true"/>
    <property name="path.separator" value=";"/>
    <property name="java.vm.name" value="Java HotSpot(TM) 64-Bit Server VM"/>
    <property name="sun.os.patch.level" value=""/>
    <property name="user.script" value=""/>
    <property name="user.country" value="US"/>
    <property name="sun.java.launcher" value="SUN_STANDARD"/>
    <property name="java.vm.specification.name" value="Java Virtual Machine Specification"/>
    <property name="user.dir" value="D:\Gayatri\eclipse workspace\GitHubRestAPIUsingRestAssured"/>
    <property name="java.vm.compressedOopsMode" value="Zero based"/>
    <property name="java.runtime.version" value="18.0.2+9-61"/>
    <property name="os.arch" value="amd64"/>
    <property name="java.io.tmpdir" value="C:\Users\gayat\AppData\Local\Temp\"/>
    <property name="line.separator" value="
"/>
    <property name="java.vm.specification.vendor" value="Oracle Corporation"/>
    <property name="user.variant" value=""/>
    <property name="os.name" value="Windows 11"/>
    <property name="classworlds.conf" value="D:\Gayatri\eclipse workspace\.metadata\.plugins\org.eclipse.m2e.launching\launches\m2conf5364393922005215613.tmp"/>
    <property name="sun.jnu.encoding" value="Cp1252"/>
    <property name="java.library.path" value="C:\Program Files\Java\jdk-18.0.2\bin;C:\Windows\Sun\Java\bin;C:\Windows\system32;C:\Windows;C:\Program Files\Common Files\Oracle\Java\javapath;C:\Windows\system32;C:\Windows;C:\Windows\System32\Wbem;C:\Windows\System32\WindowsPowerShell\v1.0\;C:\Windows\System32\OpenSSH\;C:\Program Files\dotnet\;C:\Program Files\Apache Maven\apache-maven-3.8.6\bin;C:\Program Files\Java\jdk-17.0.4.1\bin;C:\Program Files\nodejs\;C:\Program Files\Git\cmd;C:\Program Files\gradle\gradle-7.5.1\bin;C:\Users\gayat\AppData\Local\Microsoft\WindowsApps;C:\Users\gayat\AppData\Roaming\npm;."/>
    <property name="jdk.debug" value="release"/>
    <property name="java.class.version" value="62.0"/>
    <property name="java.specification.name" value="Java Platform API Specification"/>
    <property name="sun.management.compiler" value="HotSpot 64-Bit Tiered Compilers"/>
    <property name="os.version" value="10.0"/>
    <property name="user.home" value="C:\Users\gayat"/>
    <property name="user.timezone" value="America/Los_Angeles"/>
    <property name="file.encoding" value="UTF-8"/>
    <property name="java.specification.version" value="18"/>
    <property name="user.name" value="gayat"/>
    <property name="java.class.path" value="C:\Users\gayat\.p2\pool\plugins\org.eclipse.m2e.maven.runtime_1.18.3.20220227-1319\jars\plexus-classworlds-2.6.0.jar"/>
    <property name="java.vm.specification.version" value="18"/>
    <property name="sun.arch.data.model" value="64"/>
    <property name="sun.java.command" value="org.codehaus.plexus.classworlds.launcher.Launcher -B test"/>
    <property name="java.home" value="C:\Program Files\Java\jdk-18.0.2"/>
    <property name="user.language" value="en"/>
    <property name="java.specification.vendor" value="Oracle Corporation"/>
    <property name="java.vm.info" value="mixed mode, sharing"/>
    <property name="java.version" value="18.0.2"/>
    <property name="native.encoding" value="Cp1252"/>
    <property name="java.vendor" value="Oracle Corporation"/>
    <property name="maven.home" value="D:\Gayatri\eclipse workspace\GitHubRestAPIUsingRestAssured\EMBEDDED"/>
    <property name="file.separator" value="\"/>
    <property name="java.version.date" value="2022-07-19"/>
    <property name="java.vendor.url.bug" value="https://bugreport.java.com/bugreport/"/>
    <property name="sun.io.unicode.encoding" value="UnicodeLittle"/>
    <property name="sun.cpu.endian" value="little"/>
    <property name="sun.cpu.isalist" value="amd64"/>
  </properties>
  <testcase classname="github.restapi.tests.CreateRepoAPITest" name="createRepoTest" time="1.274"/>
  <testcase classname="github.restapi.tests.CreateRepoAPITest" name="createRepoTest" time="1.398"/>
  <testcase classname="github.restapi.tests.CreateRepoAPITest" name="createRepoTest" time="1.451"/>
  <testcase classname="github.restapi.tests.CreateRepoAPITest" name="createRepoTest" time="1.901"/>
  <testcase classname="github.restapi.tests.CreateRepoAPITest" name="createRepoTest" time="1.544"/>
  <testcase classname="github.restapi.tests.CreateRepoAPITest" name="testHeaderContentType" time="0.002"/>
  <testcase classname="github.restapi.tests.CreateRepoAPITest" name="testHeaderServer" time="0"/>
  <testcase classname="github.restapi.tests.CreateRepoAPITest" name="testStatusCode" time="0"/>
  <testcase classname="github.restapi.tests.CreateRepoAPITest" name="testStatusLine" time="0"/>
  <testcase classname="github.restapi.tests.GetSpecificUserRepoTest" name="testHeaderContentType" time="0"/>
  <testcase classname="github.restapi.tests.GetSpecificUserRepoTest" name="testHeaderEncoding" time="0"/>
  <testcase classname="github.restapi.tests.GetSpecificUserRepoTest" name="testHeaderServer" time="0"/>
  <testcase classname="github.restapi.tests.GetSpecificUserRepoTest" name="testStatusCode" time="0"/>
  <testcase classname="github.restapi.tests.GetSpecificUserRepoTest" name="testStatusLine" time="0"/>
  <testcase classname="github.restapi.tests.UpdateRepoAPITest" name="testHeaderContentType" time="0"/>
  <testcase classname="github.restapi.tests.UpdateRepoAPITest" name="testHeaderEncoding" time="0"/>
  <testcase classname="github.restapi.tests.UpdateRepoAPITest" name="testHeaderServer" time="0.001"/>
  <testcase classname="github.restapi.tests.UpdateRepoAPITest" name="testStatusCode" time="0"/>
  <testcase classname="github.restapi.tests.UpdateRepoAPITest" name="testStatusLine" time="0.001"/>
  <testcase classname="github.restapi.tests.FollowAUserAPITest" name="testHeaderServer" time="0.001"/>
  <testcase classname="github.restapi.tests.FollowAUserAPITest" name="testStatusCode" time="0"/>
  <testcase classname="github.restapi.tests.FollowAUserAPITest" name="testStatusLine" time="0"/>
  <testcase classname="github.restapi.tests.DeleteGitHubRepoTest" name="testStatusCode" time="0"/>
  <testcase classname="github.restapi.tests.UnfollowUserAPITest" name="testHeaderServer" time="0"/>
  <testcase classname="github.restapi.tests.UnfollowUserAPITest" name="testStatusCode" time="0"/>
  <testcase classname="github.restapi.tests.UnfollowUserAPITest" name="testStatusLine" time="0"/>
</testsuite>