<?xml version="1.0" encoding="UTF-8"?>
<!-- Generated by org.testng.reporters.JUnitReportReporter -->
<testsuite hostname="Gayatri-LP" failures="0" tests="5" name="github.restapi.tests.GetSpecificUserRepoTest" time="0.004" errors="0" timestamp="2022-09-26T10:11:31 PDT" skipped="0">
  <testcase classname="github.restapi.tests.GetSpecificUserRepoTest" name="testHeaderContentType" time="0.001"/>
  <system-out/>
  <testcase classname="github.restapi.tests.GetSpecificUserRepoTest" name="testHeaderEncoding" time="0.001"/>
  <system-out/>
  <testcase classname="github.restapi.tests.GetSpecificUserRepoTest" name="testHeaderServer" time="0.001"/>
  <system-out/>
  <testcase classname="github.restapi.tests.GetSpecificUserRepoTest" name="testStatusLine" time="0.001"/>
  <system-out/>
  <testcase classname="github.restapi.tests.GetSpecificUserRepoTest" name="testStatusCode" time="0.000"/>
  <system-out/>
</testsuite> <!-- github.restapi.tests.GetSpecificUserRepoTest -->
