<?xml version="1.0" encoding="UTF-8"?>
<!-- Generated by org.testng.reporters.JUnitReportReporter -->
<testsuite hostname="Gayatri-LP" failures="0" tests="3" name="github.restapi.tests.GetUserFollowers" time="0.005" errors="0" timestamp="2022-09-28T15:28:04 PDT" skipped="0">
  <testcase classname="github.restapi.tests.GetUserFollowers" name="testStatusCode" time="0.001"/>
  <system-out/>
  <testcase classname="github.restapi.tests.GetUserFollowers" name="testStatusLine" time="0.000"/>
  <system-out/>
  <testcase classname="github.restapi.tests.GetUserFollowers" name="testHeaderServer" time="0.004"/>
  <system-out/>
</testsuite> <!-- github.restapi.tests.GetUserFollowers -->
