<?xml version="1.0" encoding="UTF-8"?>
<!-- Generated by org.testng.reporters.JUnitReportReporter -->
<testsuite hostname="Gayatri-LP" failures="0" tests="3" name="github.restapi.tests.UnfollowUserAPITest" time="0.002" errors="0" timestamp="2022-09-26T10:11:31 PDT" skipped="0">
  <testcase classname="github.restapi.tests.UnfollowUserAPITest" name="testHeaderServer" time="0.000"/>
  <system-out/>
  <testcase classname="github.restapi.tests.UnfollowUserAPITest" name="testStatusLine" time="0.001"/>
  <system-out/>
  <testcase classname="github.restapi.tests.UnfollowUserAPITest" name="testStatusCode" time="0.001"/>
  <system-out/>
</testsuite> <!-- github.restapi.tests.UnfollowUserAPITest -->
