<?xml version="1.0" encoding="UTF-8"?>
<!-- Generated by org.testng.reporters.JUnitReportReporter -->
<testsuite hostname="Gayatri-LP" failures="0" tests="1" name="github.restapi.tests.DeleteGitHubRepoTest" time="0.001" errors="0" timestamp="2022-09-26T10:11:31 PDT" skipped="0">
  <testcase classname="github.restapi.tests.DeleteGitHubRepoTest" name="testStatusCode" time="0.001"/>
  <system-out/>
</testsuite> <!-- github.restapi.tests.DeleteGitHubRepoTest -->
