<?xml version="1.0" encoding="UTF-8"?>
<!-- Generated by org.testng.reporters.JUnitReportReporter -->
<testsuite hostname="Gayatri-LP" failures="0" tests="9" name="github.restapi.tests.CreateRepoAPITest" time="7.140" errors="0" timestamp="2022-09-26T10:11:31 PDT" skipped="0">
  <testcase classname="github.restapi.tests.CreateRepoAPITest" name="testHeaderServer" time="0.001"/>
  <system-out/>
  <testcase classname="github.restapi.tests.CreateRepoAPITest" name="createRepoTest" time="1.237"/>
  <system-out/>
  <testcase classname="github.restapi.tests.CreateRepoAPITest" name="testStatusLine" time="0.001"/>
  <system-out/>
  <testcase classname="github.restapi.tests.CreateRepoAPITest" name="createRepoTest" time="1.457"/>
  <system-out/>
  <testcase classname="github.restapi.tests.CreateRepoAPITest" name="createRepoTest" time="1.283"/>
  <system-out/>
  <testcase classname="github.restapi.tests.CreateRepoAPITest" name="createRepoTest" time="1.337"/>
  <system-out/>
  <testcase classname="github.restapi.tests.CreateRepoAPITest" name="testHeaderContentType" time="0.003"/>
  <system-out/>
  <testcase classname="github.restapi.tests.CreateRepoAPITest" name="createRepoTest" time="1.820"/>
  <system-out/>
  <testcase classname="github.restapi.tests.CreateRepoAPITest" name="testStatusCode" time="0.001"/>
  <system-out/>
</testsuite> <!-- github.restapi.tests.CreateRepoAPITest -->
