<?xml version="1.0" encoding="UTF-8"?>
<!-- Generated by org.testng.reporters.JUnitReportReporter -->
<testsuite hostname="Gayatri-LP" failures="0" tests="9" name="github.restapi.tests.CreateRepoAPITest" time="8.144" errors="0" timestamp="2022-09-26T12:01:17 PDT" skipped="0">
  <testcase classname="github.restapi.tests.CreateRepoAPITest" name="testStatusCode" time="0.000"/>
  <system-out/>
  <testcase classname="github.restapi.tests.CreateRepoAPITest" name="createRepoTest" time="1.260"/>
  <system-out/>
  <testcase classname="github.restapi.tests.CreateRepoAPITest" name="testHeaderContentType" time="0.002"/>
  <system-out/>
  <testcase classname="github.restapi.tests.CreateRepoAPITest" name="createRepoTest" time="1.251"/>
  <system-out/>
  <testcase classname="github.restapi.tests.CreateRepoAPITest" name="createRepoTest" time="1.379"/>
  <system-out/>
  <testcase classname="github.restapi.tests.CreateRepoAPITest" name="testHeaderServer" time="0.000"/>
  <system-out/>
  <testcase classname="github.restapi.tests.CreateRepoAPITest" name="createRepoTest" time="1.670"/>
  <system-out/>
  <testcase classname="github.restapi.tests.CreateRepoAPITest" name="testStatusLine" time="0.001"/>
  <system-out/>
  <testcase classname="github.restapi.tests.CreateRepoAPITest" name="createRepoTest" time="2.581"/>
  <system-out/>
</testsuite> <!-- github.restapi.tests.CreateRepoAPITest -->
