<?xml version="1.0" encoding="UTF-8"?>
<!-- Generated by org.testng.reporters.JUnitReportReporter -->
<testsuite hostname="Gayatri-LP" failures="0" tests="5" name="github.restapi.tests.UpdateRepoAPITest" time="0.000" errors="0" timestamp="2022-09-26T12:01:17 PDT" skipped="0">
  <testcase classname="github.restapi.tests.UpdateRepoAPITest" name="testHeaderServer" time="0.000"/>
  <system-out/>
  <testcase classname="github.restapi.tests.UpdateRepoAPITest" name="testStatusCode" time="0.000"/>
  <system-out/>
  <testcase classname="github.restapi.tests.UpdateRepoAPITest" name="testHeaderEncoding" time="0.000"/>
  <system-out/>
  <testcase classname="github.restapi.tests.UpdateRepoAPITest" name="testHeaderContentType" time="0.000"/>
  <system-out/>
  <testcase classname="github.restapi.tests.UpdateRepoAPITest" name="testStatusLine" time="0.000"/>
  <system-out/>
</testsuite> <!-- github.restapi.tests.UpdateRepoAPITest -->
