<?xml version="1.0" encoding="UTF-8"?>
<!-- Generated by org.testng.reporters.JUnitReportReporter -->
<testsuite hostname="Gayatri-LP" failures="0" tests="3" name="github.restapi.tests.FollowAUserAPITest" time="0.001" errors="0" timestamp="2022-09-26T12:01:17 PDT" skipped="0">
  <testcase classname="github.restapi.tests.FollowAUserAPITest" name="testHeaderServer" time="0.001"/>
  <system-out/>
  <testcase classname="github.restapi.tests.FollowAUserAPITest" name="testStatusLine" time="0.000"/>
  <system-out/>
  <testcase classname="github.restapi.tests.FollowAUserAPITest" name="testStatusCode" time="0.000"/>
  <system-out/>
</testsuite> <!-- github.restapi.tests.FollowAUserAPITest -->
