<?xml version="1.0" encoding="UTF-8"?>
<!-- Generated by org.testng.reporters.JUnitReportReporter -->
<testsuite hostname="Gayatri-LP" failures="0" tests="9" name="github.restapi.tests.CreateRepoAPITest" time="7.571" errors="0" timestamp="2022-10-14T10:22:52 PDT" skipped="0">
  <testcase classname="github.restapi.tests.CreateRepoAPITest" name="testStatusCode" time="0.000"/>
  <system-out/>
  <testcase classname="github.restapi.tests.CreateRepoAPITest" name="createRepoTest" time="1.451"/>
  <system-out/>
  <testcase classname="github.restapi.tests.CreateRepoAPITest" name="testHeaderContentType" time="0.002"/>
  <system-out/>
  <testcase classname="github.restapi.tests.CreateRepoAPITest" name="createRepoTest" time="1.545"/>
  <system-out/>
  <testcase classname="github.restapi.tests.CreateRepoAPITest" name="createRepoTest" time="1.398"/>
  <system-out/>
  <testcase classname="github.restapi.tests.CreateRepoAPITest" name="testHeaderServer" time="0.001"/>
  <system-out/>
  <testcase classname="github.restapi.tests.CreateRepoAPITest" name="createRepoTest" time="1.272"/>
  <system-out/>
  <testcase classname="github.restapi.tests.CreateRepoAPITest" name="testStatusLine" time="0.001"/>
  <system-out/>
  <testcase classname="github.restapi.tests.CreateRepoAPITest" name="createRepoTest" time="1.901"/>
  <system-out/>
</testsuite> <!-- github.restapi.tests.CreateRepoAPITest -->
